2023-10-15 16:01:05,425 [Worker-1: Loading available Gradle versions] INFO  o.e.b.c.i.u.g.PublishedGradleVersions - Gradle version information cache is up-to-date. Trying to read.
2023-10-15 16:04:16,508 [Worker-6: Loading available Gradle versions] INFO  o.e.b.c.i.u.g.PublishedGradleVersions - Gradle version information cache is up-to-date. Trying to read.
2023-10-15 16:04:49,765 [Worker-1: Import Getting Started Content] INFO  o.e.m.c.i.l.LifecycleMappingFactory - Using org.eclipse.m2e.jdt.JarLifecycleMapping lifecycle mapping for MavenProject: Kabilan:e-server:0.0.1-SNAPSHOT @ D:\springtool\Microservices\e-server\pom.xml.
2023-10-15 16:04:50,744 [Worker-1: Import Getting Started Content] INFO  o.e.m.j.i.AbstractJavaProjectConfigurator - Adding source folder /e-server/src/main/java
2023-10-15 16:04:50,744 [Worker-1: Import Getting Started Content] INFO  o.e.m.j.i.AbstractJavaProjectConfigurator - Adding resource folder /e-server/src/main/resources
2023-10-15 16:04:50,753 [Worker-1: Import Getting Started Content] INFO  o.e.m.j.i.AbstractJavaProjectConfigurator - Adding resource folder /e-server/src/main/resources
2023-10-15 16:04:50,764 [Worker-1: Import Getting Started Content] INFO  o.e.m.j.i.AbstractJavaProjectConfigurator - Adding source folder /e-server/src/test/java
2023-10-15 16:04:51,230 [Worker-1: Import Getting Started Content] INFO  o.e.m.c.i.p.ProjectConfigurationManager - Imported and configured 1 project(s) in 2 sec
2023-10-15 16:04:51,233 [Worker-1: Import Getting Started Content] INFO  o.e.m.c.i.p.ProjectConfigurationManager - Update started
2023-10-15 16:04:51,460 [Worker-1: Import Getting Started Content] INFO  o.e.m.c.i.l.LifecycleMappingFactory - Using org.eclipse.m2e.jdt.JarLifecycleMapping lifecycle mapping for MavenProject: Kabilan:e-server:0.0.1-SNAPSHOT @ D:\springtool\Microservices\e-server\pom.xml.
2023-10-15 16:04:51,729 [Worker-1: Import Getting Started Content] INFO  o.e.m.j.i.AbstractJavaProjectConfigurator - Adding source folder /e-server/src/main/java
2023-10-15 16:04:51,730 [Worker-1: Import Getting Started Content] INFO  o.e.m.j.i.AbstractJavaProjectConfigurator - Adding resource folder /e-server/src/main/resources
2023-10-15 16:04:51,730 [Worker-1: Import Getting Started Content] INFO  o.e.m.j.i.AbstractJavaProjectConfigurator - Adding resource folder /e-server/src/main/resources
2023-10-15 16:04:51,731 [Worker-1: Import Getting Started Content] INFO  o.e.m.j.i.AbstractJavaProjectConfigurator - Adding source folder /e-server/src/test/java
2023-10-15 16:04:52,144 [Worker-1: Import Getting Started Content] INFO  o.e.m.c.i.p.ProjectConfigurationManager - Update completed for 1 poms: local refresh takes 0.00 sec, refresh facades takes 0.00 sec, update config takes 0.00 sec 
2023-10-15 16:05:19,060 [Worker-0: Import Getting Started Content] INFO  o.e.m.c.i.l.LifecycleMappingFactory - Using org.eclipse.m2e.jdt.JarLifecycleMapping lifecycle mapping for MavenProject: Kabilan:api-gateway:0.0.1-SNAPSHOT @ D:\springtool\Microservices\api-gateway\pom.xml.
2023-10-15 16:05:19,420 [Worker-0: Import Getting Started Content] INFO  o.e.m.j.i.AbstractJavaProjectConfigurator - Adding source folder /api-gateway/src/main/java
2023-10-15 16:05:19,421 [Worker-0: Import Getting Started Content] INFO  o.e.m.j.i.AbstractJavaProjectConfigurator - Adding resource folder /api-gateway/src/main/resources
2023-10-15 16:05:19,424 [Worker-0: Import Getting Started Content] INFO  o.e.m.j.i.AbstractJavaProjectConfigurator - Adding resource folder /api-gateway/src/main/resources
2023-10-15 16:05:19,428 [Worker-0: Import Getting Started Content] INFO  o.e.m.j.i.AbstractJavaProjectConfigurator - Adding source folder /api-gateway/src/test/java
2023-10-15 16:05:19,620 [Worker-0: Import Getting Started Content] INFO  o.e.m.c.i.p.ProjectConfigurationManager - Imported and configured 1 project(s) in 0 sec
2023-10-15 16:05:19,622 [Worker-0: Import Getting Started Content] INFO  o.e.m.c.i.p.ProjectConfigurationManager - Update started
2023-10-15 16:05:19,806 [Worker-0: Import Getting Started Content] INFO  o.e.m.c.i.l.LifecycleMappingFactory - Using org.eclipse.m2e.jdt.JarLifecycleMapping lifecycle mapping for MavenProject: Kabilan:api-gateway:0.0.1-SNAPSHOT @ D:\springtool\Microservices\api-gateway\pom.xml.
2023-10-15 16:05:20,065 [Worker-0: Import Getting Started Content] INFO  o.e.m.j.i.AbstractJavaProjectConfigurator - Adding source folder /api-gateway/src/main/java
2023-10-15 16:05:20,065 [Worker-0: Import Getting Started Content] INFO  o.e.m.j.i.AbstractJavaProjectConfigurator - Adding resource folder /api-gateway/src/main/resources
2023-10-15 16:05:20,065 [Worker-0: Import Getting Started Content] INFO  o.e.m.j.i.AbstractJavaProjectConfigurator - Adding resource folder /api-gateway/src/main/resources
2023-10-15 16:05:20,066 [Worker-0: Import Getting Started Content] INFO  o.e.m.j.i.AbstractJavaProjectConfigurator - Adding source folder /api-gateway/src/test/java
2023-10-15 16:05:20,226 [Worker-0: Import Getting Started Content] INFO  o.e.m.c.i.p.ProjectConfigurationManager - Update completed for 1 poms: local refresh takes 0.00 sec, refresh facades takes 0.00 sec, update config takes 0.00 sec 
2023-10-15 16:06:51,570 [Worker-2: Loading available Gradle versions] INFO  o.e.b.c.i.u.g.PublishedGradleVersions - Gradle version information cache is up-to-date. Trying to read.
2023-10-15 16:07:13,685 [Worker-7: Importing Maven projects] INFO  o.e.m.c.i.l.LifecycleMappingFactory - Using org.eclipse.m2e.jdt.JarLifecycleMapping lifecycle mapping for MavenProject: Kabilan:LittleGarden:0.0.1-SNAPSHOT @ D:\springtool\Microservices\demoGarden\pom.xml.
2023-10-15 16:07:14,767 [Worker-7: Importing Maven projects] INFO  o.e.m.j.i.AbstractJavaProjectConfigurator - Adding source folder /demoGarden/src/main/java
2023-10-15 16:07:14,768 [Worker-7: Importing Maven projects] INFO  o.e.m.j.i.AbstractJavaProjectConfigurator - Adding resource folder /demoGarden/src/main/resources
2023-10-15 16:07:14,768 [Worker-7: Importing Maven projects] INFO  o.e.m.j.i.AbstractJavaProjectConfigurator - Adding resource folder /demoGarden/src/main/resources
2023-10-15 16:07:14,769 [Worker-7: Importing Maven projects] INFO  o.e.m.j.i.AbstractJavaProjectConfigurator - Adding source folder /demoGarden/src/test/java
2023-10-15 16:07:15,200 [Worker-7: Importing Maven projects] INFO  o.e.m.c.i.p.ProjectConfigurationManager - Imported and configured 1 project(s) in 2 sec
2023-10-15 16:07:18,801 [Worker-8: Building] INFO  o.e.m.c.i.l.LifecycleMappingFactory - Using org.eclipse.m2e.jdt.JarLifecycleMapping lifecycle mapping for MavenProject: com.hemaharshini:api_gateway:0.0.1-SNAPSHOT @ D:\springtool\Microservices\api-gateway\pom.xml.
2023-10-15 16:07:19,456 [Worker-8: Building] INFO  o.a.m.s.f.DefaultMavenResourcesFiltering - Copying 1 resource from src\main\resources to target\classes
2023-10-15 16:07:19,476 [Worker-8: Building] INFO  o.a.m.s.f.DefaultMavenResourcesFiltering - Copying 0 resource from src\main\resources to target\classes
2023-10-15 16:07:19,479 [Worker-8: Building] INFO  o.a.m.s.f.DefaultMavenResourcesFiltering - skip non existing resourceDirectory D:\springtool\Microservices\api-gateway\src\test\resources
2023-10-15 16:07:20,844 [Worker-8: Building] INFO  o.a.m.s.f.DefaultMavenResourcesFiltering - Copying 1 resource from src\main\resources to target\classes
2023-10-15 16:07:20,846 [Worker-8: Building] INFO  o.a.m.s.f.DefaultMavenResourcesFiltering - Copying 0 resource from src\main\resources to target\classes
2023-10-15 16:07:20,850 [Worker-8: Building] INFO  o.a.m.s.f.DefaultMavenResourcesFiltering - skip non existing resourceDirectory D:\springtool\Microservices\api-gateway\src\test\resources
2023-10-15 16:08:22,375 [Worker-2: Building] INFO  o.a.m.s.f.DefaultMavenResourcesFiltering - Copying 1 resource from src\main\resources to target\classes
2023-10-15 16:08:22,399 [Worker-2: Building] INFO  o.a.m.s.f.DefaultMavenResourcesFiltering - Copying 0 resource from src\main\resources to target\classes
2023-10-15 16:08:22,402 [Worker-2: Building] INFO  o.a.m.s.f.DefaultMavenResourcesFiltering - skip non existing resourceDirectory D:\springtool\Microservices\api-gateway\src\test\resources
2023-10-15 16:08:49,004 [Worker-0: Building] INFO  o.a.m.s.f.DefaultMavenResourcesFiltering - Copying 0 resource from src\main\resources to target\classes
2023-10-15 16:08:49,005 [Worker-0: Building] INFO  o.a.m.s.f.DefaultMavenResourcesFiltering - Copying 1 resource from src\main\resources to target\classes
2023-10-15 16:08:49,012 [Worker-0: Building] INFO  o.a.m.s.f.DefaultMavenResourcesFiltering - skip non existing resourceDirectory D:\springtool\Microservices\api-gateway\src\test\resources
2023-10-15 16:09:08,036 [Worker-5: Building] INFO  o.a.m.s.f.DefaultMavenResourcesFiltering - Copying 0 resource from src\main\resources to target\classes
2023-10-15 16:09:08,036 [Worker-5: Building] INFO  o.a.m.s.f.DefaultMavenResourcesFiltering - Copying 0 resource from src\main\resources to target\classes
2023-10-15 16:09:08,036 [Worker-5: Building] INFO  o.a.m.s.f.DefaultMavenResourcesFiltering - skip non existing resourceDirectory D:\springtool\Microservices\api-gateway\src\test\resources
2023-10-15 16:09:29,474 [Worker-6: Building] INFO  o.a.m.s.f.DefaultMavenResourcesFiltering - Copying 1 resource from src\main\resources to target\classes
2023-10-15 16:09:29,476 [Worker-6: Building] INFO  o.a.m.s.f.DefaultMavenResourcesFiltering - Copying 0 resource from src\main\resources to target\classes
2023-10-15 16:09:29,479 [Worker-6: Building] INFO  o.a.m.s.f.DefaultMavenResourcesFiltering - skip non existing resourceDirectory D:\springtool\Microservices\api-gateway\src\test\resources
2023-10-15 16:09:49,818 [Worker-10: Building] INFO  o.a.m.s.f.DefaultMavenResourcesFiltering - Copying 1 resource from src\main\resources to target\classes
2023-10-15 16:09:49,834 [Worker-10: Building] INFO  o.a.m.s.f.DefaultMavenResourcesFiltering - Copying 0 resource from src\main\resources to target\classes
2023-10-15 16:09:49,850 [Worker-10: Building] INFO  o.a.m.s.f.DefaultMavenResourcesFiltering - skip non existing resourceDirectory D:\springtool\Microservices\api-gateway\src\test\resources
2023-10-15 16:10:45,402 [Worker-1: Building] INFO  o.a.m.s.f.DefaultMavenResourcesFiltering - Copying 1 resource from src\main\resources to target\classes
2023-10-15 16:10:45,404 [Worker-1: Building] INFO  o.a.m.s.f.DefaultMavenResourcesFiltering - Copying 0 resource from src\main\resources to target\classes
2023-10-15 16:10:45,407 [Worker-1: Building] INFO  o.a.m.s.f.DefaultMavenResourcesFiltering - skip non existing resourceDirectory D:\springtool\Microservices\api-gateway\src\test\resources
2023-10-15 16:11:08,121 [Worker-0: Building] INFO  o.e.m.c.i.l.LifecycleMappingFactory - Using org.eclipse.m2e.jdt.JarLifecycleMapping lifecycle mapping for MavenProject: com.hemaharshini:e_server:0.0.1-SNAPSHOT @ D:\springtool\Microservices\e-server\pom.xml.
2023-10-15 16:11:08,663 [Worker-0: Building] INFO  o.a.m.s.f.DefaultMavenResourcesFiltering - Copying 1 resource from src\main\resources to target\classes
2023-10-15 16:11:08,676 [Worker-0: Building] INFO  o.a.m.s.f.DefaultMavenResourcesFiltering - Copying 0 resource from src\main\resources to target\classes
2023-10-15 16:11:08,679 [Worker-0: Building] INFO  o.a.m.s.f.DefaultMavenResourcesFiltering - skip non existing resourceDirectory D:\springtool\Microservices\e-server\src\test\resources
2023-10-15 16:11:10,155 [Worker-4: Building] INFO  o.a.m.s.f.DefaultMavenResourcesFiltering - Copying 1 resource from src\main\resources to target\classes
2023-10-15 16:11:10,157 [Worker-4: Building] INFO  o.a.m.s.f.DefaultMavenResourcesFiltering - Copying 0 resource from src\main\resources to target\classes
2023-10-15 16:11:10,160 [Worker-4: Building] INFO  o.a.m.s.f.DefaultMavenResourcesFiltering - skip non existing resourceDirectory D:\springtool\Microservices\e-server\src\test\resources
2023-10-15 16:11:40,286 [Worker-2: Building] INFO  o.a.m.s.f.DefaultMavenResourcesFiltering - Copying 1 resource from src\main\resources to target\classes
2023-10-15 16:11:40,290 [Worker-2: Building] INFO  o.a.m.s.f.DefaultMavenResourcesFiltering - Copying 0 resource from src\main\resources to target\classes
2023-10-15 16:11:40,292 [Worker-2: Building] INFO  o.a.m.s.f.DefaultMavenResourcesFiltering - skip non existing resourceDirectory D:\springtool\Microservices\e-server\src\test\resources
2023-10-15 16:12:08,903 [Worker-2: Building] INFO  o.a.m.s.f.DefaultMavenResourcesFiltering - Copying 1 resource from src\main\resources to target\classes
2023-10-15 16:12:08,904 [Worker-2: Building] INFO  o.a.m.s.f.DefaultMavenResourcesFiltering - Copying 0 resource from src\main\resources to target\classes
2023-10-15 16:12:08,906 [Worker-2: Building] INFO  o.a.m.s.f.DefaultMavenResourcesFiltering - skip non existing resourceDirectory D:\springtool\Microservices\e-server\src\test\resources
2023-10-15 16:12:25,422 [Worker-8: Building] INFO  o.a.m.s.f.DefaultMavenResourcesFiltering - Copying 1 resource from src\main\resources to target\classes
2023-10-15 16:12:25,425 [Worker-8: Building] INFO  o.a.m.s.f.DefaultMavenResourcesFiltering - Copying 0 resource from src\main\resources to target\classes
2023-10-15 16:12:25,427 [Worker-8: Building] INFO  o.a.m.s.f.DefaultMavenResourcesFiltering - skip non existing resourceDirectory D:\springtool\Microservices\e-server\src\test\resources
2023-10-15 16:12:41,195 [Worker-1: Building] INFO  o.a.m.s.f.DefaultMavenResourcesFiltering - Copying 1 resource from src\main\resources to target\classes
2023-10-15 16:12:41,197 [Worker-1: Building] INFO  o.a.m.s.f.DefaultMavenResourcesFiltering - Copying 0 resource from src\main\resources to target\classes
2023-10-15 16:12:41,199 [Worker-1: Building] INFO  o.a.m.s.f.DefaultMavenResourcesFiltering - skip non existing resourceDirectory D:\springtool\Microservices\e-server\src\test\resources
2023-10-15 16:13:56,845 [Worker-10: Launching Executing clean in D__springtool_Microservices_demoGarden] INFO  o.eclipse.m2e.core.internal.Bundles - getClasspathEntries(Bundle=org.eclipse.m2e.maven.runtime_3.8.604.20221130-2149 [345])
2023-10-15 16:13:56,853 [Worker-10: Launching Executing clean in D__springtool_Microservices_demoGarden] INFO  o.eclipse.m2e.core.internal.Bundles - 	Entry: D:\sts-4.17.2.RELEASE\plugins\org.eclipse.m2e.maven.runtime_3.8.604.20221130-2149
2023-10-15 16:13:56,854 [Worker-10: Launching Executing clean in D__springtool_Microservices_demoGarden] INFO  o.eclipse.m2e.core.internal.Bundles - 	Entry: D:\sts-4.17.2.RELEASE\plugins\org.eclipse.m2e.maven.runtime_3.8.604.20221130-2149\jars\aether-connector-okhttp-0.17.8.jar
2023-10-15 16:13:56,854 [Worker-10: Launching Executing clean in D__springtool_Microservices_demoGarden] INFO  o.eclipse.m2e.core.internal.Bundles - 	Entry: D:\sts-4.17.2.RELEASE\plugins\org.eclipse.m2e.maven.runtime_3.8.604.20221130-2149\jars\commons-cli-1.4.jar
2023-10-15 16:13:56,854 [Worker-10: Launching Executing clean in D__springtool_Microservices_demoGarden] INFO  o.eclipse.m2e.core.internal.Bundles - 	Entry: D:\sts-4.17.2.RELEASE\plugins\org.eclipse.m2e.maven.runtime_3.8.604.20221130-2149\jars\commons-io-2.6.jar
2023-10-15 16:13:56,854 [Worker-10: Launching Executing clean in D__springtool_Microservices_demoGarden] INFO  o.eclipse.m2e.core.internal.Bundles - 	Entry: D:\sts-4.17.2.RELEASE\plugins\org.eclipse.m2e.maven.runtime_3.8.604.20221130-2149\jars\commons-lang3-3.8.1.jar
2023-10-15 16:13:56,854 [Worker-10: Launching Executing clean in D__springtool_Microservices_demoGarden] INFO  o.eclipse.m2e.core.internal.Bundles - 	Entry: D:\sts-4.17.2.RELEASE\plugins\org.eclipse.m2e.maven.runtime_3.8.604.20221130-2149\jars\guice-4.2.2-no_aop.jar
2023-10-15 16:13:56,854 [Worker-10: Launching Executing clean in D__springtool_Microservices_demoGarden] INFO  o.eclipse.m2e.core.internal.Bundles - 	Entry: D:\sts-4.17.2.RELEASE\plugins\org.eclipse.m2e.maven.runtime_3.8.604.20221130-2149\jars\jansi-2.4.0.jar
2023-10-15 16:13:56,854 [Worker-10: Launching Executing clean in D__springtool_Microservices_demoGarden] INFO  o.eclipse.m2e.core.internal.Bundles - 	Entry: D:\sts-4.17.2.RELEASE\plugins\org.eclipse.m2e.maven.runtime_3.8.604.20221130-2149\jars\maven-artifact-3.8.6.jar
2023-10-15 16:13:56,854 [Worker-10: Launching Executing clean in D__springtool_Microservices_demoGarden] INFO  o.eclipse.m2e.core.internal.Bundles - 	Entry: D:\sts-4.17.2.RELEASE\plugins\org.eclipse.m2e.maven.runtime_3.8.604.20221130-2149\jars\maven-builder-support-3.8.6.jar
2023-10-15 16:13:56,854 [Worker-10: Launching Executing clean in D__springtool_Microservices_demoGarden] INFO  o.eclipse.m2e.core.internal.Bundles - 	Entry: D:\sts-4.17.2.RELEASE\plugins\org.eclipse.m2e.maven.runtime_3.8.604.20221130-2149\jars\maven-compat-3.8.6.jar
2023-10-15 16:13:56,854 [Worker-10: Launching Executing clean in D__springtool_Microservices_demoGarden] INFO  o.eclipse.m2e.core.internal.Bundles - 	Entry: D:\sts-4.17.2.RELEASE\plugins\org.eclipse.m2e.maven.runtime_3.8.604.20221130-2149\jars\maven-core-3.8.6.jar
2023-10-15 16:13:56,854 [Worker-10: Launching Executing clean in D__springtool_Microservices_demoGarden] INFO  o.eclipse.m2e.core.internal.Bundles - 	Entry: D:\sts-4.17.2.RELEASE\plugins\org.eclipse.m2e.maven.runtime_3.8.604.20221130-2149\jars\maven-embedder-3.8.6.jar
2023-10-15 16:13:56,854 [Worker-10: Launching Executing clean in D__springtool_Microservices_demoGarden] INFO  o.eclipse.m2e.core.internal.Bundles - 	Entry: D:\sts-4.17.2.RELEASE\plugins\org.eclipse.m2e.maven.runtime_3.8.604.20221130-2149\jars\maven-model-3.8.6.jar
2023-10-15 16:13:56,854 [Worker-10: Launching Executing clean in D__springtool_Microservices_demoGarden] INFO  o.eclipse.m2e.core.internal.Bundles - 	Entry: D:\sts-4.17.2.RELEASE\plugins\org.eclipse.m2e.maven.runtime_3.8.604.20221130-2149\jars\maven-model-builder-3.8.6.jar
2023-10-15 16:13:56,854 [Worker-10: Launching Executing clean in D__springtool_Microservices_demoGarden] INFO  o.eclipse.m2e.core.internal.Bundles - 	Entry: D:\sts-4.17.2.RELEASE\plugins\org.eclipse.m2e.maven.runtime_3.8.604.20221130-2149\jars\maven-plugin-api-3.8.6.jar
2023-10-15 16:13:56,854 [Worker-10: Launching Executing clean in D__springtool_Microservices_demoGarden] INFO  o.eclipse.m2e.core.internal.Bundles - 	Entry: D:\sts-4.17.2.RELEASE\plugins\org.eclipse.m2e.maven.runtime_3.8.604.20221130-2149\jars\maven-repository-metadata-3.8.6.jar
2023-10-15 16:13:56,854 [Worker-10: Launching Executing clean in D__springtool_Microservices_demoGarden] INFO  o.eclipse.m2e.core.internal.Bundles - 	Entry: D:\sts-4.17.2.RELEASE\plugins\org.eclipse.m2e.maven.runtime_3.8.604.20221130-2149\jars\maven-resolver-api-1.6.3.jar
2023-10-15 16:13:56,854 [Worker-10: Launching Executing clean in D__springtool_Microservices_demoGarden] INFO  o.eclipse.m2e.core.internal.Bundles - 	Entry: D:\sts-4.17.2.RELEASE\plugins\org.eclipse.m2e.maven.runtime_3.8.604.20221130-2149\jars\maven-resolver-connector-basic-1.6.3.jar
2023-10-15 16:13:56,854 [Worker-10: Launching Executing clean in D__springtool_Microservices_demoGarden] INFO  o.eclipse.m2e.core.internal.Bundles - 	Entry: D:\sts-4.17.2.RELEASE\plugins\org.eclipse.m2e.maven.runtime_3.8.604.20221130-2149\jars\maven-resolver-impl-1.6.3.jar
2023-10-15 16:13:56,854 [Worker-10: Launching Executing clean in D__springtool_Microservices_demoGarden] INFO  o.eclipse.m2e.core.internal.Bundles - 	Entry: D:\sts-4.17.2.RELEASE\plugins\org.eclipse.m2e.maven.runtime_3.8.604.20221130-2149\jars\maven-resolver-provider-3.8.6.jar
2023-10-15 16:13:56,854 [Worker-10: Launching Executing clean in D__springtool_Microservices_demoGarden] INFO  o.eclipse.m2e.core.internal.Bundles - 	Entry: D:\sts-4.17.2.RELEASE\plugins\org.eclipse.m2e.maven.runtime_3.8.604.20221130-2149\jars\maven-resolver-spi-1.6.3.jar
2023-10-15 16:13:56,854 [Worker-10: Launching Executing clean in D__springtool_Microservices_demoGarden] INFO  o.eclipse.m2e.core.internal.Bundles - 	Entry: D:\sts-4.17.2.RELEASE\plugins\org.eclipse.m2e.maven.runtime_3.8.604.20221130-2149\jars\maven-resolver-transport-wagon-1.6.3.jar
2023-10-15 16:13:56,855 [Worker-10: Launching Executing clean in D__springtool_Microservices_demoGarden] INFO  o.eclipse.m2e.core.internal.Bundles - 	Entry: D:\sts-4.17.2.RELEASE\plugins\org.eclipse.m2e.maven.runtime_3.8.604.20221130-2149\jars\maven-resolver-util-1.6.3.jar
2023-10-15 16:13:56,855 [Worker-10: Launching Executing clean in D__springtool_Microservices_demoGarden] INFO  o.eclipse.m2e.core.internal.Bundles - 	Entry: D:\sts-4.17.2.RELEASE\plugins\org.eclipse.m2e.maven.runtime_3.8.604.20221130-2149\jars\maven-settings-3.8.6.jar
2023-10-15 16:13:56,855 [Worker-10: Launching Executing clean in D__springtool_Microservices_demoGarden] INFO  o.eclipse.m2e.core.internal.Bundles - 	Entry: D:\sts-4.17.2.RELEASE\plugins\org.eclipse.m2e.maven.runtime_3.8.604.20221130-2149\jars\maven-settings-builder-3.8.6.jar
2023-10-15 16:13:56,855 [Worker-10: Launching Executing clean in D__springtool_Microservices_demoGarden] INFO  o.eclipse.m2e.core.internal.Bundles - 	Entry: D:\sts-4.17.2.RELEASE\plugins\org.eclipse.m2e.maven.runtime_3.8.604.20221130-2149\jars\maven-shared-utils-3.3.4.jar
2023-10-15 16:13:56,855 [Worker-10: Launching Executing clean in D__springtool_Microservices_demoGarden] INFO  o.eclipse.m2e.core.internal.Bundles - 	Entry: D:\sts-4.17.2.RELEASE\plugins\org.eclipse.m2e.maven.runtime_3.8.604.20221130-2149\jars\okhttp-3.14.1.jar
2023-10-15 16:13:56,855 [Worker-10: Launching Executing clean in D__springtool_Microservices_demoGarden] INFO  o.eclipse.m2e.core.internal.Bundles - 	Entry: D:\sts-4.17.2.RELEASE\plugins\org.eclipse.m2e.maven.runtime_3.8.604.20221130-2149\jars\okio-1.17.3.jar
2023-10-15 16:13:56,855 [Worker-10: Launching Executing clean in D__springtool_Microservices_demoGarden] INFO  o.eclipse.m2e.core.internal.Bundles - 	Entry: D:\sts-4.17.2.RELEASE\plugins\org.eclipse.m2e.maven.runtime_3.8.604.20221130-2149\jars\org.eclipse.sisu.inject-0.3.5.jar
2023-10-15 16:13:56,855 [Worker-10: Launching Executing clean in D__springtool_Microservices_demoGarden] INFO  o.eclipse.m2e.core.internal.Bundles - 	Entry: D:\sts-4.17.2.RELEASE\plugins\org.eclipse.m2e.maven.runtime_3.8.604.20221130-2149\jars\org.eclipse.sisu.plexus-0.3.5.jar
2023-10-15 16:13:56,855 [Worker-10: Launching Executing clean in D__springtool_Microservices_demoGarden] INFO  o.eclipse.m2e.core.internal.Bundles - 	Entry: D:\sts-4.17.2.RELEASE\plugins\org.eclipse.m2e.maven.runtime_3.8.604.20221130-2149\jars\plexus-build-api-0.0.7.jar
2023-10-15 16:13:56,855 [Worker-10: Launching Executing clean in D__springtool_Microservices_demoGarden] INFO  o.eclipse.m2e.core.internal.Bundles - 	Entry: D:\sts-4.17.2.RELEASE\plugins\org.eclipse.m2e.maven.runtime_3.8.604.20221130-2149\jars\plexus-cipher-2.0.jar
2023-10-15 16:13:56,855 [Worker-10: Launching Executing clean in D__springtool_Microservices_demoGarden] INFO  o.eclipse.m2e.core.internal.Bundles - 	Entry: D:\sts-4.17.2.RELEASE\plugins\org.eclipse.m2e.maven.runtime_3.8.604.20221130-2149\jars\plexus-classworlds-2.6.0.jar
2023-10-15 16:13:56,855 [Worker-10: Launching Executing clean in D__springtool_Microservices_demoGarden] INFO  o.eclipse.m2e.core.internal.Bundles - 	Entry: D:\sts-4.17.2.RELEASE\plugins\org.eclipse.m2e.maven.runtime_3.8.604.20221130-2149\jars\plexus-component-annotations-2.1.0.jar
2023-10-15 16:13:56,855 [Worker-10: Launching Executing clean in D__springtool_Microservices_demoGarden] INFO  o.eclipse.m2e.core.internal.Bundles - 	Entry: D:\sts-4.17.2.RELEASE\plugins\org.eclipse.m2e.maven.runtime_3.8.604.20221130-2149\jars\plexus-interpolation-1.26.jar
2023-10-15 16:13:56,855 [Worker-10: Launching Executing clean in D__springtool_Microservices_demoGarden] INFO  o.eclipse.m2e.core.internal.Bundles - 	Entry: D:\sts-4.17.2.RELEASE\plugins\org.eclipse.m2e.maven.runtime_3.8.604.20221130-2149\jars\plexus-sec-dispatcher-2.0.jar
2023-10-15 16:13:56,855 [Worker-10: Launching Executing clean in D__springtool_Microservices_demoGarden] INFO  o.eclipse.m2e.core.internal.Bundles - 	Entry: D:\sts-4.17.2.RELEASE\plugins\org.eclipse.m2e.maven.runtime_3.8.604.20221130-2149\jars\plexus-utils-3.3.1.jar
2023-10-15 16:13:56,855 [Worker-10: Launching Executing clean in D__springtool_Microservices_demoGarden] INFO  o.eclipse.m2e.core.internal.Bundles - 	Entry: D:\sts-4.17.2.RELEASE\plugins\org.eclipse.m2e.maven.runtime_3.8.604.20221130-2149\jars\wagon-file-3.5.1.jar
2023-10-15 16:13:56,855 [Worker-10: Launching Executing clean in D__springtool_Microservices_demoGarden] INFO  o.eclipse.m2e.core.internal.Bundles - 	Entry: D:\sts-4.17.2.RELEASE\plugins\org.eclipse.m2e.maven.runtime_3.8.604.20221130-2149\jars\wagon-provider-api-3.5.1.jar
2023-10-15 16:13:56,856 [Worker-10: Launching Executing clean in D__springtool_Microservices_demoGarden] INFO  o.eclipse.m2e.core.internal.Bundles - getClasspathEntries(Bundle=com.google.guava_30.1.0.v20221112-0806 [22])
2023-10-15 16:13:56,882 [Worker-10: Launching Executing clean in D__springtool_Microservices_demoGarden] INFO  o.eclipse.m2e.core.internal.Bundles - 	Entry: D:\sts-4.17.2.RELEASE\plugins\com.google.guava_30.1.0.v20221112-0806.jar
2023-10-15 16:13:56,883 [Worker-10: Launching Executing clean in D__springtool_Microservices_demoGarden] INFO  o.eclipse.m2e.core.internal.Bundles - getClasspathEntries(Bundle=slf4j.api_1.7.36 [584])
2023-10-15 16:13:56,885 [Worker-10: Launching Executing clean in D__springtool_Microservices_demoGarden] INFO  o.eclipse.m2e.core.internal.Bundles - 	Entry: D:\sts-4.17.2.RELEASE\plugins\slf4j.api_1.7.36.jar
2023-10-15 16:13:56,885 [Worker-10: Launching Executing clean in D__springtool_Microservices_demoGarden] INFO  o.eclipse.m2e.core.internal.Bundles - getClasspathEntries(Bundle=javax.inject_1.0.0.v20220405-0441 [49])
2023-10-15 16:13:56,887 [Worker-10: Launching Executing clean in D__springtool_Microservices_demoGarden] INFO  o.eclipse.m2e.core.internal.Bundles - 	Entry: D:\sts-4.17.2.RELEASE\plugins\javax.inject_1.0.0.v20220405-0441.jar
2023-10-15 16:13:56,887 [Worker-10: Launching Executing clean in D__springtool_Microservices_demoGarden] INFO  o.eclipse.m2e.core.internal.Bundles - getClasspathEntries(Bundle=javax.annotation_1.3.5.v20221112-0806 [47])
2023-10-15 16:13:56,888 [Worker-10: Launching Executing clean in D__springtool_Microservices_demoGarden] INFO  o.eclipse.m2e.core.internal.Bundles - 	Entry: D:\sts-4.17.2.RELEASE\plugins\javax.annotation_1.3.5.v20221112-0806.jar
2023-10-15 16:13:56,891 [Worker-10: Launching Executing clean in D__springtool_Microservices_demoGarden] INFO  o.e.m.i.launch.MavenLaunchDelegate - Run build in "D:\springtool\Microservices\demoGarden":
2023-10-15 16:13:56,891 [Worker-10: Launching Executing clean in D__springtool_Microservices_demoGarden] INFO  o.e.m.i.launch.MavenLaunchDelegate -  mvn  -B -Dstyle.color=always clean
2023-10-15 16:14:06,378 [Worker-0: Launching Executing install in D__springtool_Microservices_demoGarden] INFO  o.e.m.i.launch.MavenLaunchDelegate - Run build in "D:\springtool\Microservices\demoGarden":
2023-10-15 16:14:06,378 [Worker-0: Launching Executing install in D__springtool_Microservices_demoGarden] INFO  o.e.m.i.launch.MavenLaunchDelegate -  mvn  -B -Dstyle.color=always install
2023-10-15 16:45:33,617 [Worker-8: Building] INFO  o.a.m.s.f.DefaultMavenResourcesFiltering - Copying 1 resource from src\main\resources to target\classes
2023-10-15 16:45:33,660 [Worker-8: Building] INFO  o.a.m.s.f.DefaultMavenResourcesFiltering - Copying 0 resource from src\main\resources to target\classes
2023-10-15 16:45:33,667 [Worker-8: Building] INFO  o.a.m.s.f.DefaultMavenResourcesFiltering - skip non existing resourceDirectory D:\springtool\Microservices\e-server\src\test\resources
2023-10-15 16:47:19,830 [Worker-25: Building] INFO  o.e.m.c.i.l.LifecycleMappingFactory - Using org.eclipse.m2e.jdt.JarLifecycleMapping lifecycle mapping for MavenProject: Kabilan:e_server:0.0.1-SNAPSHOT @ D:\springtool\Microservices\e-server\pom.xml.
2023-10-15 16:47:20,817 [Worker-25: Building] INFO  o.a.m.s.f.DefaultMavenResourcesFiltering - Copying 0 resource from src\main\resources to target\classes
2023-10-15 16:47:20,818 [Worker-25: Building] INFO  o.a.m.s.f.DefaultMavenResourcesFiltering - Copying 0 resource from src\main\resources to target\classes
2023-10-15 16:47:20,824 [Worker-25: Building] INFO  o.a.m.s.f.DefaultMavenResourcesFiltering - skip non existing resourceDirectory D:\springtool\Microservices\e-server\src\test\resources
2023-10-15 16:51:27,712 [Start Help Server] INFO  org.eclipse.jetty.server.Server - jetty-10.0.12; built: 2022-09-14T01:54:40.076Z; git: 408d0139887e27a57b54ed52e2d92a36731a7e88; jvm 17.0.6+10
2023-10-15 16:51:27,781 [Start Help Server] INFO  o.e.j.s.s.DefaultSessionIdManager - Session workerName=node0
2023-10-15 16:51:27,879 [Start Help Server] INFO  o.e.j.server.handler.ContextHandler - Started o.e.j.s.ServletContextHandler@22ed4a84{/help,null,AVAILABLE}
2023-10-15 16:51:27,932 [Start Help Server] INFO  o.e.jetty.server.AbstractConnector - Started ServerConnector@10112924{HTTP/1.1, (http/1.1)}{127.0.0.1:55194}
2023-10-15 16:51:28,007 [Start Help Server] INFO  org.eclipse.jetty.server.Server - Started Server@40e0bbbc{STARTING}[10.0.12,sto=0] @2687518ms
2023-10-15 16:52:20,155 [Worker-27: Building] INFO  o.e.m.c.i.l.LifecycleMappingFactory - Using org.eclipse.m2e.jdt.JarLifecycleMapping lifecycle mapping for MavenProject: Kabilan:LittleGarden:0.0.1-SNAPSHOT @ D:\springtool\Microservices\demoGarden\pom.xml.
2023-10-15 16:52:35,047 [Worker-26: Building] INFO  o.e.m.c.i.l.LifecycleMappingFactory - Using org.eclipse.m2e.jdt.JarLifecycleMapping lifecycle mapping for MavenProject: Kabilan:LittleGarden:0.0.1-SNAPSHOT @ D:\springtool\Microservices\demoGarden\pom.xml.
2023-10-15 16:52:35,711 [Worker-26: Building] INFO  o.a.m.s.f.DefaultMavenResourcesFiltering - Copying 0 resource from src\main\resources to target\classes
2023-10-15 16:52:35,712 [Worker-26: Building] INFO  o.a.m.s.f.DefaultMavenResourcesFiltering - Copying 0 resource from src\main\resources to target\classes
2023-10-15 16:52:35,716 [Worker-26: Building] INFO  o.a.m.s.f.DefaultMavenResourcesFiltering - skip non existing resourceDirectory D:\springtool\Microservices\demoGarden\src\test\resources
2023-10-15 16:58:46,960 [Worker-25: Building] INFO  o.e.m.c.i.l.LifecycleMappingFactory - Using org.eclipse.m2e.jdt.JarLifecycleMapping lifecycle mapping for MavenProject: Kabilan:LittleGarden:0.0.1-SNAPSHOT @ D:\springtool\Microservices\demoGarden\pom.xml.
2023-10-15 17:03:36,507 [Worker-37: Building] INFO  o.e.m.c.i.l.LifecycleMappingFactory - Using org.eclipse.m2e.jdt.JarLifecycleMapping lifecycle mapping for MavenProject: Kabilan:api_gateway:0.0.1-SNAPSHOT @ D:\springtool\Microservices\api-gateway\pom.xml.
2023-10-15 17:03:37,568 [Worker-37: Building] INFO  o.a.m.s.f.DefaultMavenResourcesFiltering - Copying 0 resource from src\main\resources to target\classes
2023-10-15 17:03:37,568 [Worker-37: Building] INFO  o.a.m.s.f.DefaultMavenResourcesFiltering - Copying 0 resource from src\main\resources to target\classes
2023-10-15 17:03:37,572 [Worker-37: Building] INFO  o.a.m.s.f.DefaultMavenResourcesFiltering - skip non existing resourceDirectory D:\springtool\Microservices\api-gateway\src\test\resources
2023-10-15 17:06:43,222 [Worker-37: Building] INFO  o.a.m.s.f.DefaultMavenResourcesFiltering - Copying 1 resource from src\main\resources to target\classes
2023-10-15 17:06:43,309 [Worker-37: Building] INFO  o.a.m.s.f.DefaultMavenResourcesFiltering - Copying 0 resource from src\main\resources to target\classes
2023-10-15 17:06:43,313 [Worker-37: Building] INFO  o.a.m.s.f.DefaultMavenResourcesFiltering - skip non existing resourceDirectory D:\springtool\Microservices\api-gateway\src\test\resources
2023-10-15 17:08:56,152 [Worker-41: Building] INFO  o.e.m.c.i.l.LifecycleMappingFactory - Using org.eclipse.m2e.jdt.JarLifecycleMapping lifecycle mapping for MavenProject: Kabilan:LittleGarden:0.0.1-SNAPSHOT @ D:\springtool\Microservices\demoGarden\pom.xml.
2023-10-15 17:08:56,896 [Worker-41: Building] INFO  o.a.m.s.f.DefaultMavenResourcesFiltering - Copying 0 resource from src\main\resources to target\classes
2023-10-15 17:08:56,896 [Worker-41: Building] INFO  o.a.m.s.f.DefaultMavenResourcesFiltering - Copying 0 resource from src\main\resources to target\classes
2023-10-15 17:08:56,901 [Worker-41: Building] INFO  o.a.m.s.f.DefaultMavenResourcesFiltering - skip non existing resourceDirectory D:\springtool\Microservices\demoGarden\src\test\resources
2023-10-15 17:09:14,795 [Worker-41: Building] INFO  o.a.m.s.f.DefaultMavenResourcesFiltering - Copying 1 resource from src\main\resources to target\classes
2023-10-15 17:09:14,812 [Worker-41: Building] INFO  o.a.m.s.f.DefaultMavenResourcesFiltering - Copying 0 resource from src\main\resources to target\classes
2023-10-15 17:09:14,816 [Worker-41: Building] INFO  o.a.m.s.f.DefaultMavenResourcesFiltering - skip non existing resourceDirectory D:\springtool\Microservices\api-gateway\src\test\resources
2023-10-15 17:09:54,104 [Worker-37: Building] INFO  o.a.m.s.f.DefaultMavenResourcesFiltering - Copying 1 resource from src\main\resources to target\classes
2023-10-15 17:09:54,124 [Worker-37: Building] INFO  o.a.m.s.f.DefaultMavenResourcesFiltering - Copying 0 resource from src\main\resources to target\classes
2023-10-15 17:09:54,127 [Worker-37: Building] INFO  o.a.m.s.f.DefaultMavenResourcesFiltering - skip non existing resourceDirectory D:\springtool\Microservices\api-gateway\src\test\resources
2023-10-15 17:10:54,252 [Worker-36: Building] INFO  o.a.m.s.f.DefaultMavenResourcesFiltering - Copying 1 resource from src\main\resources to target\classes
2023-10-15 17:10:54,264 [Worker-36: Building] INFO  o.a.m.s.f.DefaultMavenResourcesFiltering - Copying 0 resource from src\main\resources to target\classes
2023-10-15 17:10:54,268 [Worker-36: Building] INFO  o.a.m.s.f.DefaultMavenResourcesFiltering - skip non existing resourceDirectory D:\springtool\Microservices\api-gateway\src\test\resources
2023-10-15 17:11:58,517 [Worker-43: Building] INFO  o.e.m.c.i.l.LifecycleMappingFactory - Using org.eclipse.m2e.jdt.JarLifecycleMapping lifecycle mapping for MavenProject: Kabilan:LittleGarden:0.0.1-SNAPSHOT @ D:\springtool\Microservices\demoGarden\pom.xml.
2023-10-15 17:11:59,123 [Worker-43: Building] INFO  o.a.m.s.f.DefaultMavenResourcesFiltering - Copying 0 resource from src\main\resources to target\classes
2023-10-15 17:11:59,123 [Worker-43: Building] INFO  o.a.m.s.f.DefaultMavenResourcesFiltering - Copying 0 resource from src\main\resources to target\classes
2023-10-15 17:11:59,131 [Worker-43: Building] INFO  o.a.m.s.f.DefaultMavenResourcesFiltering - skip non existing resourceDirectory D:\springtool\Microservices\demoGarden\src\test\resources
2023-10-15 17:12:35,612 [Worker-36: Building] INFO  o.e.m.c.i.l.LifecycleMappingFactory - Using org.eclipse.m2e.jdt.JarLifecycleMapping lifecycle mapping for MavenProject: Kabilan:LittleGarden:0.0.1-SNAPSHOT @ D:\springtool\Microservices\demoGarden\pom.xml.
2023-10-15 17:12:59,480 [Worker-36: Building] INFO  o.e.m.c.i.l.LifecycleMappingFactory - Using org.eclipse.m2e.jdt.JarLifecycleMapping lifecycle mapping for MavenProject: Kabilan:LittleGarden:0.0.1-SNAPSHOT @ D:\springtool\Microservices\demoGarden\pom.xml.
2023-10-15 17:12:59,947 [Worker-36: Building] INFO  o.a.m.s.f.DefaultMavenResourcesFiltering - Copying 0 resource from src\main\resources to target\classes
2023-10-15 17:12:59,947 [Worker-36: Building] INFO  o.a.m.s.f.DefaultMavenResourcesFiltering - Copying 0 resource from src\main\resources to target\classes
2023-10-15 17:12:59,950 [Worker-36: Building] INFO  o.a.m.s.f.DefaultMavenResourcesFiltering - skip non existing resourceDirectory D:\springtool\Microservices\demoGarden\src\test\resources
2023-10-15 17:16:04,989 [Worker-45: Import Getting Started Content] INFO  o.e.m.c.i.l.LifecycleMappingFactory - Using org.eclipse.m2e.jdt.JarLifecycleMapping lifecycle mapping for MavenProject: Kabilan:homeGarden:0.0.1-SNAPSHOT @ D:\springtool\Microservices\homeGarden\pom.xml.
2023-10-15 17:16:06,243 [Worker-45: Import Getting Started Content] INFO  o.e.m.j.i.AbstractJavaProjectConfigurator - Adding source folder /homeGarden/src/main/java
2023-10-15 17:16:06,243 [Worker-45: Import Getting Started Content] INFO  o.e.m.j.i.AbstractJavaProjectConfigurator - Adding resource folder /homeGarden/src/main/resources
2023-10-15 17:16:06,264 [Worker-45: Import Getting Started Content] INFO  o.e.m.j.i.AbstractJavaProjectConfigurator - Adding resource folder /homeGarden/src/main/resources
2023-10-15 17:16:06,269 [Worker-45: Import Getting Started Content] INFO  o.e.m.j.i.AbstractJavaProjectConfigurator - Adding source folder /homeGarden/src/test/java
2023-10-15 17:16:06,864 [Worker-45: Import Getting Started Content] INFO  o.e.m.c.i.p.ProjectConfigurationManager - Imported and configured 1 project(s) in 2 sec
2023-10-15 17:16:06,868 [Worker-45: Import Getting Started Content] INFO  o.e.m.c.i.p.ProjectConfigurationManager - Update started
2023-10-15 17:16:07,054 [Worker-45: Import Getting Started Content] INFO  o.e.m.c.i.l.LifecycleMappingFactory - Using org.eclipse.m2e.jdt.JarLifecycleMapping lifecycle mapping for MavenProject: Kabilan:homeGarden:0.0.1-SNAPSHOT @ D:\springtool\Microservices\homeGarden\pom.xml.
2023-10-15 17:16:07,722 [Worker-45: Import Getting Started Content] INFO  o.e.m.j.i.AbstractJavaProjectConfigurator - Adding source folder /homeGarden/src/main/java
2023-10-15 17:16:07,722 [Worker-45: Import Getting Started Content] INFO  o.e.m.j.i.AbstractJavaProjectConfigurator - Adding resource folder /homeGarden/src/main/resources
2023-10-15 17:16:07,723 [Worker-45: Import Getting Started Content] INFO  o.e.m.j.i.AbstractJavaProjectConfigurator - Adding resource folder /homeGarden/src/main/resources
2023-10-15 17:16:07,723 [Worker-45: Import Getting Started Content] INFO  o.e.m.j.i.AbstractJavaProjectConfigurator - Adding source folder /homeGarden/src/test/java
2023-10-15 17:16:08,190 [Worker-45: Import Getting Started Content] INFO  o.e.m.c.i.p.ProjectConfigurationManager - Update completed for 1 poms: local refresh takes 0.00 sec, refresh facades takes 0.00 sec, update config takes 0.00 sec 
2023-10-15 17:17:29,625 [Worker-46: Building] INFO  o.e.m.c.i.l.LifecycleMappingFactory - Using org.eclipse.m2e.jdt.JarLifecycleMapping lifecycle mapping for MavenProject: Kabilan:homeGarden:0.0.1-SNAPSHOT @ D:\springtool\Microservices\homeGarden\pom.xml.
2023-10-15 17:19:13,927 [Worker-43: Import Getting Started Content] INFO  o.e.m.c.i.l.LifecycleMappingFactory - Using org.eclipse.m2e.jdt.JarLifecycleMapping lifecycle mapping for MavenProject: Kabilan:homeGarden:0.0.1-SNAPSHOT @ D:\springtool\Microservices\homeGarden\pom.xml.
2023-10-15 17:19:16,666 [Worker-43: Import Getting Started Content] INFO  o.e.m.j.i.AbstractJavaProjectConfigurator - Adding source folder /homeGarden/src/main/java
2023-10-15 17:19:16,666 [Worker-43: Import Getting Started Content] INFO  o.e.m.j.i.AbstractJavaProjectConfigurator - Adding resource folder /homeGarden/src/main/resources
2023-10-15 17:19:16,677 [Worker-43: Import Getting Started Content] INFO  o.e.m.j.i.AbstractJavaProjectConfigurator - Adding resource folder /homeGarden/src/main/resources
2023-10-15 17:19:16,683 [Worker-43: Import Getting Started Content] INFO  o.e.m.j.i.AbstractJavaProjectConfigurator - Adding source folder /homeGarden/src/test/java
2023-10-15 17:19:19,071 [Worker-43: Import Getting Started Content] INFO  o.e.m.c.i.p.ProjectConfigurationManager - Imported and configured 1 project(s) in 6 sec
2023-10-15 17:19:19,071 [Worker-43: Import Getting Started Content] INFO  o.e.m.c.i.p.ProjectConfigurationManager - Update started
2023-10-15 17:19:19,550 [Worker-43: Import Getting Started Content] INFO  o.e.m.c.i.l.LifecycleMappingFactory - Using org.eclipse.m2e.jdt.JarLifecycleMapping lifecycle mapping for MavenProject: Kabilan:homeGarden:0.0.1-SNAPSHOT @ D:\springtool\Microservices\homeGarden\pom.xml.
2023-10-15 17:19:21,467 [Worker-43: Import Getting Started Content] INFO  o.e.m.j.i.AbstractJavaProjectConfigurator - Adding source folder /homeGarden/src/main/java
2023-10-15 17:19:21,469 [Worker-43: Import Getting Started Content] INFO  o.e.m.j.i.AbstractJavaProjectConfigurator - Adding resource folder /homeGarden/src/main/resources
2023-10-15 17:19:21,469 [Worker-43: Import Getting Started Content] INFO  o.e.m.j.i.AbstractJavaProjectConfigurator - Adding resource folder /homeGarden/src/main/resources
2023-10-15 17:19:21,469 [Worker-43: Import Getting Started Content] INFO  o.e.m.j.i.AbstractJavaProjectConfigurator - Adding source folder /homeGarden/src/test/java
2023-10-15 17:19:22,354 [Worker-43: Import Getting Started Content] INFO  o.e.m.c.i.p.ProjectConfigurationManager - Update completed for 1 poms: local refresh takes 0.00 sec, refresh facades takes 2.00 sec, update config takes 0.00 sec 
2023-10-15 17:19:22,378 [Worker-47: Updating Maven Project] INFO  o.e.m.c.i.p.ProjectConfigurationManager - Update started
2023-10-15 17:19:22,680 [Worker-47: Updating Maven Project] INFO  o.e.m.c.i.l.LifecycleMappingFactory - Using org.eclipse.m2e.jdt.JarLifecycleMapping lifecycle mapping for MavenProject: Kabilan:homeGarden:0.0.1-SNAPSHOT @ D:\springtool\Microservices\homeGarden\pom.xml.
2023-10-15 17:19:23,773 [Worker-47: Updating Maven Project] INFO  o.e.m.j.i.AbstractJavaProjectConfigurator - Adding source folder /homeGarden/src/main/java
2023-10-15 17:19:23,778 [Worker-47: Updating Maven Project] INFO  o.e.m.j.i.AbstractJavaProjectConfigurator - Adding resource folder /homeGarden/src/main/resources
2023-10-15 17:19:23,778 [Worker-47: Updating Maven Project] INFO  o.e.m.j.i.AbstractJavaProjectConfigurator - Adding resource folder /homeGarden/src/main/resources
2023-10-15 17:19:23,778 [Worker-47: Updating Maven Project] INFO  o.e.m.j.i.AbstractJavaProjectConfigurator - Adding source folder /homeGarden/src/test/java
2023-10-15 17:19:24,496 [Worker-47: Updating Maven Project] INFO  o.e.m.c.i.p.ProjectConfigurationManager - Update completed for 1 poms: local refresh takes 0.00 sec, refresh facades takes 1.00 sec, update config takes 0.00 sec 
2023-10-15 17:19:32,916 [Worker-45: Building] INFO  o.e.m.c.i.l.LifecycleMappingFactory - Using org.eclipse.m2e.jdt.JarLifecycleMapping lifecycle mapping for MavenProject: Kabilan:homeGarden:0.0.1-SNAPSHOT @ D:\springtool\Microservices\homeGarden\pom.xml.
2023-10-15 17:19:33,980 [Worker-45: Building] INFO  o.a.m.s.f.DefaultMavenResourcesFiltering - Copying 0 resource from src\main\resources to target\classes
2023-10-15 17:19:33,981 [Worker-45: Building] INFO  o.a.m.s.f.DefaultMavenResourcesFiltering - Copying 0 resource from src\main\resources to target\classes
2023-10-15 17:19:33,987 [Worker-45: Building] INFO  o.a.m.s.f.DefaultMavenResourcesFiltering - skip non existing resourceDirectory D:\springtool\Microservices\homeGarden\src\test\resources
2023-10-15 17:19:35,648 [Worker-43: Building] INFO  o.a.m.s.f.DefaultMavenResourcesFiltering - Copying 1 resource from src\main\resources to target\classes
2023-10-15 17:19:35,675 [Worker-43: Building] INFO  o.a.m.s.f.DefaultMavenResourcesFiltering - Copying 0 resource from src\main\resources to target\classes
2023-10-15 17:19:35,677 [Worker-43: Building] INFO  o.a.m.s.f.DefaultMavenResourcesFiltering - skip non existing resourceDirectory D:\springtool\Microservices\homeGarden\src\test\resources
2023-10-15 17:19:49,341 [Worker-48: Updating Maven Project] INFO  o.e.m.c.i.p.ProjectConfigurationManager - Update started
2023-10-15 17:19:49,597 [Worker-48: Updating Maven Project] INFO  o.e.m.c.i.l.LifecycleMappingFactory - Using org.eclipse.m2e.jdt.JarLifecycleMapping lifecycle mapping for MavenProject: Kabilan:homeGarden:0.0.1-SNAPSHOT @ D:\springtool\Microservices\homeGarden\pom.xml.
2023-10-15 17:19:50,312 [Worker-48: Updating Maven Project] INFO  o.e.m.j.i.AbstractJavaProjectConfigurator - Adding source folder /homeGarden/src/main/java
2023-10-15 17:19:50,312 [Worker-48: Updating Maven Project] INFO  o.e.m.j.i.AbstractJavaProjectConfigurator - Adding resource folder /homeGarden/src/main/resources
2023-10-15 17:19:50,312 [Worker-48: Updating Maven Project] INFO  o.e.m.j.i.AbstractJavaProjectConfigurator - Adding resource folder /homeGarden/src/main/resources
2023-10-15 17:19:50,312 [Worker-48: Updating Maven Project] INFO  o.e.m.j.i.AbstractJavaProjectConfigurator - Adding source folder /homeGarden/src/test/java
2023-10-15 17:19:51,056 [Worker-48: Updating Maven Project] INFO  o.e.m.c.i.p.ProjectConfigurationManager - Update completed for 1 poms: local refresh takes 0.00 sec, refresh facades takes 0.00 sec, update config takes 0.00 sec 
2023-10-15 17:21:44,733 [Worker-45: Importing Maven projects] INFO  o.e.m.c.i.l.LifecycleMappingFactory - Using org.eclipse.m2e.jdt.JarLifecycleMapping lifecycle mapping for MavenProject: Kabilan:homeGarden:0.0.1-SNAPSHOT @ D:\springtool\Microservices\homeGarden\pom.xml.
2023-10-15 17:21:46,682 [Worker-45: Importing Maven projects] INFO  o.e.m.j.i.AbstractJavaProjectConfigurator - Adding source folder /homeGarden/src/main/java
2023-10-15 17:21:46,682 [Worker-45: Importing Maven projects] INFO  o.e.m.j.i.AbstractJavaProjectConfigurator - Adding resource folder /homeGarden/src/main/resources
2023-10-15 17:21:46,682 [Worker-45: Importing Maven projects] INFO  o.e.m.j.i.AbstractJavaProjectConfigurator - Adding resource folder /homeGarden/src/main/resources
2023-10-15 17:21:46,683 [Worker-45: Importing Maven projects] INFO  o.e.m.j.i.AbstractJavaProjectConfigurator - Adding source folder /homeGarden/src/test/java
2023-10-15 17:21:47,309 [Worker-45: Importing Maven projects] INFO  o.e.m.c.i.p.ProjectConfigurationManager - Imported and configured 1 project(s) in 2 sec
2023-10-15 17:22:03,683 [Worker-53: Updating Maven Project] INFO  o.e.m.c.i.p.ProjectConfigurationManager - Update started
2023-10-15 17:22:03,907 [Worker-53: Updating Maven Project] INFO  o.e.m.c.i.l.LifecycleMappingFactory - Using org.eclipse.m2e.jdt.JarLifecycleMapping lifecycle mapping for MavenProject: Kabilan:homeGarden:0.0.1-SNAPSHOT @ D:\springtool\Microservices\homeGarden\pom.xml.
2023-10-15 17:22:04,592 [Worker-53: Updating Maven Project] INFO  o.e.m.j.i.AbstractJavaProjectConfigurator - Adding source folder /homeGarden/src/main/java
2023-10-15 17:22:04,593 [Worker-53: Updating Maven Project] INFO  o.e.m.j.i.AbstractJavaProjectConfigurator - Adding resource folder /homeGarden/src/main/resources
2023-10-15 17:22:04,593 [Worker-53: Updating Maven Project] INFO  o.e.m.j.i.AbstractJavaProjectConfigurator - Adding resource folder /homeGarden/src/main/resources
2023-10-15 17:22:04,593 [Worker-53: Updating Maven Project] INFO  o.e.m.j.i.AbstractJavaProjectConfigurator - Adding source folder /homeGarden/src/test/java
2023-10-15 17:22:05,180 [Worker-53: Updating Maven Project] INFO  o.e.m.c.i.p.ProjectConfigurationManager - Update completed for 1 poms: local refresh takes 0.00 sec, refresh facades takes 0.00 sec, update config takes 0.00 sec 
2023-10-15 17:23:26,194 [Worker-52: Updating Maven Project] INFO  o.e.m.c.i.p.ProjectConfigurationManager - Update started
2023-10-15 17:23:26,403 [Worker-52: Updating Maven Project] INFO  o.e.m.c.i.l.LifecycleMappingFactory - Using org.eclipse.m2e.jdt.JarLifecycleMapping lifecycle mapping for MavenProject: Kabilan:homeGarden:0.0.1-SNAPSHOT @ D:\springtool\Microservices\homeGarden\pom.xml.
2023-10-15 17:23:27,111 [Worker-52: Updating Maven Project] INFO  o.e.m.j.i.AbstractJavaProjectConfigurator - Adding source folder /homeGarden/src/main/java
2023-10-15 17:23:27,111 [Worker-52: Updating Maven Project] INFO  o.e.m.j.i.AbstractJavaProjectConfigurator - Adding resource folder /homeGarden/src/main/resources
2023-10-15 17:23:27,111 [Worker-52: Updating Maven Project] INFO  o.e.m.j.i.AbstractJavaProjectConfigurator - Adding resource folder /homeGarden/src/main/resources
2023-10-15 17:23:27,112 [Worker-52: Updating Maven Project] INFO  o.e.m.j.i.AbstractJavaProjectConfigurator - Adding source folder /homeGarden/src/test/java
2023-10-15 17:23:27,714 [Worker-52: Updating Maven Project] INFO  o.e.m.c.i.p.ProjectConfigurationManager - Update completed for 1 poms: local refresh takes 0.00 sec, refresh facades takes 0.00 sec, update config takes 0.00 sec 
2023-10-15 17:23:55,040 [Worker-56: Importing Maven projects] INFO  o.e.m.c.i.l.LifecycleMappingFactory - Using org.eclipse.m2e.jdt.JarLifecycleMapping lifecycle mapping for MavenProject: Kabilan:homeGarden:0.0.1-SNAPSHOT @ D:\springtool\Microservices\homeGarden\pom.xml.
2023-10-15 17:23:55,918 [Worker-56: Importing Maven projects] INFO  o.e.m.j.i.AbstractJavaProjectConfigurator - Adding source folder /homeGarden/src/main/java
2023-10-15 17:23:55,919 [Worker-56: Importing Maven projects] INFO  o.e.m.j.i.AbstractJavaProjectConfigurator - Adding resource folder /homeGarden/src/main/resources
2023-10-15 17:23:55,919 [Worker-56: Importing Maven projects] INFO  o.e.m.j.i.AbstractJavaProjectConfigurator - Adding resource folder /homeGarden/src/main/resources
2023-10-15 17:23:55,919 [Worker-56: Importing Maven projects] INFO  o.e.m.j.i.AbstractJavaProjectConfigurator - Adding source folder /homeGarden/src/test/java
2023-10-15 17:23:56,416 [Worker-56: Importing Maven projects] INFO  o.e.m.c.i.p.ProjectConfigurationManager - Imported and configured 1 project(s) in 1 sec
2023-10-15 18:15:14,702 [Stop Help Server] INFO  org.eclipse.jetty.server.Server - Stopped Server@40e0bbbc{STOPPING}[10.0.12,sto=0]
2023-10-15 18:15:14,761 [Stop Help Server] INFO  o.e.jetty.server.AbstractConnector - Stopped ServerConnector@10112924{HTTP/1.1, (http/1.1)}{127.0.0.1:0}
2023-10-15 18:15:14,850 [Stop Help Server] INFO  o.e.j.server.handler.ContextHandler - Stopped o.e.j.s.ServletContextHandler@22ed4a84{/help,null,STOPPED}
2023-10-16 01:19:17,979 [Worker-4: Loading available Gradle versions] INFO  o.e.b.c.i.u.g.PublishedGradleVersions - Gradle version information cache is up-to-date. Trying to read.
2023-10-16 01:21:36,209 [Worker-7: Import Getting Started Content] INFO  o.e.m.c.i.l.LifecycleMappingFactory - Using org.eclipse.m2e.jdt.JarLifecycleMapping lifecycle mapping for MavenProject: Kabilan:apigateway:0.0.1-SNAPSHOT @ D:\springtool\Microservices\apigateway\pom.xml.
2023-10-16 01:21:38,865 [Worker-7: Import Getting Started Content] INFO  o.e.m.j.i.AbstractJavaProjectConfigurator - Adding source folder /apigateway/src/main/java
2023-10-16 01:21:38,865 [Worker-7: Import Getting Started Content] INFO  o.e.m.j.i.AbstractJavaProjectConfigurator - Adding resource folder /apigateway/src/main/resources
2023-10-16 01:21:38,868 [Worker-7: Import Getting Started Content] INFO  o.e.m.j.i.AbstractJavaProjectConfigurator - Adding resource folder /apigateway/src/main/resources
2023-10-16 01:21:38,890 [Worker-7: Import Getting Started Content] INFO  o.e.m.j.i.AbstractJavaProjectConfigurator - Adding source folder /apigateway/src/test/java
2023-10-16 01:21:40,501 [Worker-7: Import Getting Started Content] INFO  o.e.m.c.i.p.ProjectConfigurationManager - Imported and configured 1 project(s) in 5 sec
2023-10-16 01:21:40,506 [Worker-7: Import Getting Started Content] INFO  o.e.m.c.i.p.ProjectConfigurationManager - Update started
2023-10-16 01:21:41,161 [Worker-7: Import Getting Started Content] INFO  o.e.m.c.i.l.LifecycleMappingFactory - Using org.eclipse.m2e.jdt.JarLifecycleMapping lifecycle mapping for MavenProject: Kabilan:apigateway:0.0.1-SNAPSHOT @ D:\springtool\Microservices\apigateway\pom.xml.
2023-10-16 01:21:42,116 [Worker-7: Import Getting Started Content] INFO  o.e.m.j.i.AbstractJavaProjectConfigurator - Adding source folder /apigateway/src/main/java
2023-10-16 01:21:42,116 [Worker-7: Import Getting Started Content] INFO  o.e.m.j.i.AbstractJavaProjectConfigurator - Adding resource folder /apigateway/src/main/resources
2023-10-16 01:21:42,116 [Worker-7: Import Getting Started Content] INFO  o.e.m.j.i.AbstractJavaProjectConfigurator - Adding resource folder /apigateway/src/main/resources
2023-10-16 01:21:42,117 [Worker-7: Import Getting Started Content] INFO  o.e.m.j.i.AbstractJavaProjectConfigurator - Adding source folder /apigateway/src/test/java
2023-10-16 01:21:42,904 [Worker-7: Import Getting Started Content] INFO  o.e.m.c.i.p.ProjectConfigurationManager - Update completed for 1 poms: local refresh takes 0.00 sec, refresh facades takes 1.00 sec, update config takes 0.00 sec 
2023-10-16 01:27:05,813 [Worker-9: Import Getting Started Content] INFO  o.e.m.c.i.l.LifecycleMappingFactory - Using org.eclipse.m2e.jdt.JarLifecycleMapping lifecycle mapping for MavenProject: Kabilan:server:0.0.1-SNAPSHOT @ D:\springtool\Microservices\server\pom.xml.
2023-10-16 01:27:07,739 [Worker-9: Import Getting Started Content] INFO  o.e.m.j.i.AbstractJavaProjectConfigurator - Adding source folder /server/src/main/java
2023-10-16 01:27:07,740 [Worker-9: Import Getting Started Content] INFO  o.e.m.j.i.AbstractJavaProjectConfigurator - Adding resource folder /server/src/main/resources
2023-10-16 01:27:07,743 [Worker-9: Import Getting Started Content] INFO  o.e.m.j.i.AbstractJavaProjectConfigurator - Adding resource folder /server/src/main/resources
2023-10-16 01:27:07,748 [Worker-9: Import Getting Started Content] INFO  o.e.m.j.i.AbstractJavaProjectConfigurator - Adding source folder /server/src/test/java
2023-10-16 01:27:08,517 [Worker-9: Import Getting Started Content] INFO  o.e.m.c.i.p.ProjectConfigurationManager - Imported and configured 1 project(s) in 3 sec
2023-10-16 01:27:08,519 [Worker-9: Import Getting Started Content] INFO  o.e.m.c.i.p.ProjectConfigurationManager - Update started
2023-10-16 01:27:08,893 [Worker-9: Import Getting Started Content] INFO  o.e.m.c.i.l.LifecycleMappingFactory - Using org.eclipse.m2e.jdt.JarLifecycleMapping lifecycle mapping for MavenProject: Kabilan:server:0.0.1-SNAPSHOT @ D:\springtool\Microservices\server\pom.xml.
2023-10-16 01:27:09,912 [Worker-9: Import Getting Started Content] INFO  o.e.m.j.i.AbstractJavaProjectConfigurator - Adding source folder /server/src/main/java
2023-10-16 01:27:09,912 [Worker-9: Import Getting Started Content] INFO  o.e.m.j.i.AbstractJavaProjectConfigurator - Adding resource folder /server/src/main/resources
2023-10-16 01:27:09,913 [Worker-9: Import Getting Started Content] INFO  o.e.m.j.i.AbstractJavaProjectConfigurator - Adding resource folder /server/src/main/resources
2023-10-16 01:27:09,913 [Worker-9: Import Getting Started Content] INFO  o.e.m.j.i.AbstractJavaProjectConfigurator - Adding source folder /server/src/test/java
2023-10-16 01:27:10,751 [Worker-9: Import Getting Started Content] INFO  o.e.m.c.i.p.ProjectConfigurationManager - Update completed for 1 poms: local refresh takes 0.00 sec, refresh facades takes 1.00 sec, update config takes 0.00 sec 
2023-10-16 01:27:58,320 [Start Help Server] INFO  org.eclipse.jetty.server.Server - jetty-10.0.12; built: 2022-09-14T01:54:40.076Z; git: 408d0139887e27a57b54ed52e2d92a36731a7e88; jvm 17.0.6+10
2023-10-16 01:27:58,381 [Start Help Server] INFO  o.e.j.s.s.DefaultSessionIdManager - Session workerName=node0
2023-10-16 01:27:58,460 [Start Help Server] INFO  o.e.j.server.handler.ContextHandler - Started o.e.j.s.ServletContextHandler@3e456f18{/help,null,AVAILABLE}
2023-10-16 01:27:58,508 [Start Help Server] INFO  o.e.jetty.server.AbstractConnector - Started ServerConnector@7535e0f1{HTTP/1.1, (http/1.1)}{127.0.0.1:53061}
2023-10-16 01:27:58,603 [Start Help Server] INFO  org.eclipse.jetty.server.Server - Started Server@7554cbfe{STARTING}[10.0.12,sto=0] @564509ms
2023-10-16 05:50:11,309 [Worker-13: Importing Maven projects] INFO  o.e.m.c.i.l.LifecycleMappingFactory - Using org.eclipse.m2e.jdt.JarLifecycleMapping lifecycle mapping for MavenProject: Kabilan:demoGarden:0.0.1-SNAPSHOT @ D:\springtool\backend\demoGarden\pom.xml.
2023-10-16 05:50:22,366 [Worker-13: Importing Maven projects] INFO  o.e.m.j.i.AbstractJavaProjectConfigurator - Adding source folder /demoGarden/src/main/java
2023-10-16 05:50:22,369 [Worker-13: Importing Maven projects] INFO  o.e.m.j.i.AbstractJavaProjectConfigurator - Adding resource folder /demoGarden/src/main/resources
2023-10-16 05:50:22,369 [Worker-13: Importing Maven projects] INFO  o.e.m.j.i.AbstractJavaProjectConfigurator - Adding resource folder /demoGarden/src/main/resources
2023-10-16 05:50:22,370 [Worker-13: Importing Maven projects] INFO  o.e.m.j.i.AbstractJavaProjectConfigurator - Adding source folder /demoGarden/src/test/java
2023-10-16 05:50:25,113 [Worker-13: Importing Maven projects] INFO  o.e.m.c.i.p.ProjectConfigurationManager - Imported and configured 1 project(s) in 15 sec
2023-10-16 05:50:25,214 [Worker-18: Updating Maven Project] INFO  o.e.m.c.i.p.ProjectConfigurationManager - Update started
2023-10-16 05:50:25,601 [Worker-18: Updating Maven Project] INFO  o.e.m.c.i.l.LifecycleMappingFactory - Using org.eclipse.m2e.jdt.JarLifecycleMapping lifecycle mapping for MavenProject: Kabilan:demoGarden:0.0.1-SNAPSHOT @ D:\springtool\backend\demoGarden\pom.xml.
2023-10-16 05:50:27,937 [Worker-18: Updating Maven Project] INFO  o.e.m.j.i.AbstractJavaProjectConfigurator - Adding source folder /demoGarden/src/main/java
2023-10-16 05:50:27,937 [Worker-18: Updating Maven Project] INFO  o.e.m.j.i.AbstractJavaProjectConfigurator - Adding resource folder /demoGarden/src/main/resources
2023-10-16 05:50:27,938 [Worker-18: Updating Maven Project] INFO  o.e.m.j.i.AbstractJavaProjectConfigurator - Adding resource folder /demoGarden/src/main/resources
2023-10-16 05:50:27,938 [Worker-18: Updating Maven Project] INFO  o.e.m.j.i.AbstractJavaProjectConfigurator - Adding source folder /demoGarden/src/test/java
2023-10-16 05:50:28,862 [Worker-18: Updating Maven Project] INFO  o.e.m.c.i.p.ProjectConfigurationManager - Update completed for 1 poms: local refresh takes 0.00 sec, refresh facades takes 2.00 sec, update config takes 0.00 sec 
2023-10-16 06:05:58,463 [Worker-23: Building] ERROR o.e.m.c.i.p.r.ProjectRegistryManager - File not found: D:\springtool\backend\demoGarden\pom.xml.
org.eclipse.core.internal.resources.ResourceException: File not found: D:\springtool\backend\demoGarden\pom.xml.
	at org.eclipse.core.internal.localstore.FileSystemResourceManager.read(FileSystemResourceManager.java:835)
	at org.eclipse.core.internal.resources.File.getContents(File.java:277)
	at org.eclipse.core.internal.resources.File.getContents(File.java:268)
	at org.eclipse.m2e.core.internal.project.registry.ProjectRegistryManager.refreshPhase2(ProjectRegistryManager.java:572)
	at org.eclipse.m2e.core.internal.project.registry.ProjectRegistryManager.refresh(ProjectRegistryManager.java:474)
	at org.eclipse.m2e.core.internal.project.registry.ProjectRegistryManager.refresh(ProjectRegistryManager.java:360)
	at org.eclipse.m2e.core.internal.project.registry.ProjectRegistryManager.refresh(ProjectRegistryManager.java:313)
	at org.eclipse.m2e.core.internal.builder.MavenBuilder$BuildMethod.getProjectFacade(MavenBuilder.java:149)
	at org.eclipse.m2e.core.internal.builder.MavenBuilder$BuildMethod.lambda$0(MavenBuilder.java:87)
	at org.eclipse.m2e.core.internal.embedder.MavenExecutionContext.executeBare(MavenExecutionContext.java:364)
	at org.eclipse.m2e.core.internal.embedder.MavenExecutionContext.execute(MavenExecutionContext.java:274)
	at org.eclipse.m2e.core.internal.embedder.MavenExecutionContext.execute(MavenExecutionContext.java:213)
	at org.eclipse.m2e.core.internal.builder.MavenBuilder$BuildMethod.execute(MavenBuilder.java:86)
	at org.eclipse.m2e.core.internal.builder.MavenBuilder.build(MavenBuilder.java:196)
	at org.eclipse.core.internal.events.BuildManager$2.run(BuildManager.java:1020)
	at org.eclipse.core.runtime.SafeRunner.run(SafeRunner.java:45)
	at org.eclipse.core.internal.events.BuildManager.basicBuild(BuildManager.java:247)
	at org.eclipse.core.internal.events.BuildManager.basicBuild(BuildManager.java:303)
	at org.eclipse.core.internal.events.BuildManager$1.run(BuildManager.java:392)
	at org.eclipse.core.runtime.SafeRunner.run(SafeRunner.java:45)
	at org.eclipse.core.internal.events.BuildManager.basicBuild(BuildManager.java:395)
	at org.eclipse.core.internal.events.BuildManager.basicBuildLoop(BuildManager.java:506)
	at org.eclipse.core.internal.events.BuildManager.basicBuildLoop(BuildManager.java:454)
	at org.eclipse.core.internal.events.BuildManager.build(BuildManager.java:536)
	at org.eclipse.core.internal.events.AutoBuildJob.doBuild(AutoBuildJob.java:161)
	at org.eclipse.core.internal.events.AutoBuildJob.run(AutoBuildJob.java:255)
	at org.eclipse.core.internal.jobs.Worker.run(Worker.java:63)
Caused by: java.lang.Exception: File not found: D:\springtool\backend\demoGarden\pom.xml.
	at org.eclipse.core.internal.resources.ResourceException.provideStackTrace(ResourceException.java:42)
	at org.eclipse.core.internal.resources.ResourceException.<init>(ResourceException.java:38)
	... 27 common frames omitted
2023-10-16 06:54:15,346 [Stop Help Server] INFO  org.eclipse.jetty.server.Server - Stopped Server@7554cbfe{STOPPING}[10.0.12,sto=0]
2023-10-16 06:54:15,393 [Stop Help Server] INFO  o.e.jetty.server.AbstractConnector - Stopped ServerConnector@7535e0f1{HTTP/1.1, (http/1.1)}{127.0.0.1:0}
2023-10-16 06:54:15,486 [Stop Help Server] INFO  o.e.j.server.handler.ContextHandler - Stopped o.e.j.s.ServletContextHandler@3e456f18{/help,null,STOPPED}
